[2024-11-08 08:01:02 +0000] [3570] [INFO] Starting gunicorn 23.0.0
[2024-11-08 08:01:02 +0000] [3570] [INFO] Listening at: http://0.0.0.0:8000 (3570)
[2024-11-08 08:01:02 +0000] [3570] [INFO] Using worker: sync
[2024-11-08 08:01:02 +0000] [3571] [INFO] Booting worker with pid: 3571
[2024-11-08 08:01:40 +0000] [3570] [INFO] Handling signal: hup
[2024-11-08 08:01:40 +0000] [3570] [INFO] Hang up: Master
[2024-11-08 08:01:40 +0000] [3570] [ERROR] Worker (pid:3571) was sent SIGHUP!
[2024-11-08 08:01:40 +0000] [3572] [INFO] Booting worker with pid: 3572
Not Found: /wp-admin/setup-config.php
Not Found: /wp-admin/setup-config.php
Not Found: /wordpress/wp-admin/setup-config.php
Not Found: /wordpress/wp-admin/setup-config.php
Not Found: /.git/config
Not Found: /.git/config
Not Found: /th1s_1s_a_4o4.html
Not Found: /th1s_1s_a_4o4.html
Not Found: /vendor/file-manager/js/file-manager.js
Not Found: /vendor/file-manager/js/file-manager.js
Not Found: /admin.php
Not Found: /admin.php
Not Found: /config.php
Not Found: /config.php
Not Found: /about/function.php
Not Found: /about/function.php
Not Found: /lock.php
Not Found: /lock.php
Not Found: /simple.php
Not Found: /simple.php
Not Found: /radio.php
Not Found: /radio.php
Not Found: /wp-mail.php
Not Found: /wp-mail.php
Not Found: /wp-content/index.php
Not Found: /wp-content/index.php
Not Found: /alfa.php
Not Found: /alfa.php
Not Found: /.well-known/acme-challenge/index.php
Not Found: /.well-known/acme-challenge/index.php
Not Found: /wp-content/plugins/index.php
Not Found: /wp-content/plugins/index.php
Not Found: /text.php
Not Found: /text.php
Not Found: /autoload_classmap.php
Not Found: /autoload_classmap.php
Not Found: /wp-includes/autoload_classmap.php
Not Found: /wp-includes/autoload_classmap.php
Not Found: /item.php
Not Found: /item.php
Not Found: /file.php
Not Found: /file.php
Not Found: /wp-includes/blocks/about.php
Not Found: /wp-includes/blocks/about.php
Not Found: /mah.php
Not Found: /mah.php
Not Found: /themes/zMousse/otuz1.php
Not Found: /themes/zMousse/otuz1.php
Not Found: /lv.php
Not Found: /lv.php
Not Found: /inputs.php
Not Found: /inputs.php
Not Found: /wp-content/languages/index.php
Not Found: /wp-content/languages/index.php
Not Found: /wp-admin/includes/index.php
Not Found: /wp-admin/includes/index.php
Not Found: /css/index.php
Not Found: /css/index.php
Not Found: /makeasmtp.php
Not Found: /makeasmtp.php
Not Found: /wp-content/radio.php
Not Found: /wp-content/radio.php
Not Found: /wp-includes/IXR/index.php
Not Found: /wp-includes/IXR/index.php
Not Found: /wp-links.php
Not Found: /wp-links.php
Not Found: /wp-content/cong.php
Not Found: /wp-content/cong.php
Not Found: /1.php
Not Found: /1.php
Not Found: /.well-known/index.php
Not Found: /.well-known/index.php
Not Found: /alfanew.php
Not Found: /alfanew.php
Not Found: /wp-content/themes/twenty/twenty.php
Not Found: /wp-content/themes/twenty/twenty.php
Not Found: /cong.php
Not Found: /cong.php
Not Found: /as.php
Not Found: /as.php
Not Found: /wp-content/themes/index.php
Not Found: /wp-content/themes/index.php
Not Found: /wp-includes/Requests/about.php
Not Found: /wp-includes/Requests/about.php
Not Found: /wp-includes/images/about.php
Not Found: /wp-includes/images/about.php
Not Found: /bak.php
Not Found: /bak.php
Not Found: /wp-info.php
Not Found: /wp-info.php
Not Found: /wp-includes/style-engine/about.php
Not Found: /wp-includes/style-engine/about.php
Not Found: /wp-admin/images/index.php
Not Found: /wp-admin/images/index.php
Not Found: /about.php
Not Found: /about.php
Not Found: /wp-admin/maint/index.php
Not Found: /wp-admin/maint/index.php
Not Found: /index.html
Not Found: /index.html
Not Found: /wp-admin/maint/about.php
Not Found: /wp-admin/maint/about.php
Not Found: /doc.php
Not Found: /doc.php
Not Found: /wp-admin/js/index.php
Not Found: /wp-admin/js/index.php
Not Found: /wp-content/autoload_classmap.php
Not Found: /wp-content/autoload_classmap.php
Not Found: /wp-trackback.php
Not Found: /wp-trackback.php
Not Found: /wp-admin/css/colors/blue/index.php
Not Found: /wp-admin/css/colors/blue/index.php
Not Found: /cgi-bin/about.php
Not Found: /cgi-bin/about.php
Not Found: /wp-includes/makeasmtp.php
Not Found: /wp-includes/makeasmtp.php
Not Found: /13.php
Not Found: /13.php
Not Found: /wp-includes/IXR/about.php
Not Found: /wp-includes/IXR/about.php
Not Found: /wp-includes/ID3/admin.php
Not Found: /wp-includes/ID3/admin.php
Not Found: /function.php
Not Found: /function.php
Not Found: /jp.php
Not Found: /jp.php
Not Found: /wp-admin/includes/about.php
Not Found: /wp-admin/includes/about.php
Not Found: /shell20211028.php
Not Found: /shell20211028.php
Not Found: /index/function.php
Not Found: /index/function.php
Not Found: /wp-signup.php
Not Found: /wp-signup.php
Not Found: /atomlib.php
Not Found: /atomlib.php
Not Found: /cgi-bin/wp-login.php
Not Found: /cgi-bin/wp-login.php
Not Found: /css.php
Not Found: /css.php
Not Found: /wp-admin/images/xmrlpc.php
Not Found: /wp-admin/images/xmrlpc.php
Not Found: /default.php
Not Found: /default.php
Not Found: /info.php
Not Found: /info.php
Not Found: /wp-content/plugins/pwnd/as.php
Not Found: /wp-content/plugins/pwnd/as.php
Not Found: /wp-includes/SimplePie/about.php
Not Found: /wp-includes/SimplePie/about.php
Not Found: /chosen
Not Found: /chosen
Not Found: /wp-includes/SimplePie/index.php
Not Found: /wp-includes/SimplePie/index.php
Not Found: /link.php
Not Found: /link.php
Not Found: /.well-known/content.php
Not Found: /.well-known/content.php
Not Found: /.well-known/pki-validation/mariju.php
Not Found: /.well-known/pki-validation/mariju.php
Not Found: /wp-content/languages/about.php
Not Found: /wp-content/languages/about.php
Not Found: /wp-content/plugins/about.php
Not Found: /wp-content/plugins/about.php
Not Found: /wp-content/themes/astra/inc/ki1k.php
Not Found: /wp-content/themes/astra/inc/ki1k.php
Not Found: /moon.php
Not Found: /moon.php
Not Found: /wp-admin/css/about.php
Not Found: /wp-admin/css/about.php
Not Found: /wp-content/themes/about.php
Not Found: /wp-content/themes/about.php
Not Found: /wp-includes/about.php
Not Found: /wp-includes/about.php
Not Found: /404.php
Not Found: /404.php
Not Found: /wp-content/themes/wp-pridmag/init.php
Not Found: /wp-content/themes/wp-pridmag/init.php
Not Found: /x.php
Not Found: /x.php
Not Found: /widgets.php
Not Found: /widgets.php
Not Found: /wp-content/plugins/revslider/includes/external/page/index.php
Not Found: /wp-content/plugins/revslider/includes/external/page/index.php
Not Found: /classwithtostring.php
Not Found: /classwithtostring.php
Not Found: /aks.php
Not Found: /aks.php
Not Found: /wp-content/admin.php
Not Found: /wp-content/admin.php
Not Found: /.well-known/acme-challenge/file
Not Found: /.well-known/acme-challenge/file
Not Found: /buy.php
Not Found: /buy.php
Not Found: /wp-admin/css/index.php
Not Found: /wp-admin/css/index.php
Not Found: /install.php
Not Found: /install.php
Not Found: /cgi-bin/xmrlpc.php
Not Found: /cgi-bin/xmrlpc.php
Not Found: /filemanager.php
Not Found: /filemanager.php
Not Found: /wp-includes/wp-load.php
Not Found: /wp-includes/wp-load.php
Not Found: /cgi-bin/index.php
Not Found: /cgi-bin/index.php
Not Found: /log.php
Not Found: /log.php
Not Found: /index.php
Not Found: /index.php
Not Found: /mail.php
Not Found: /mail.php
Not Found: /content.php
Not Found: /content.php
Not Found: /upfile.php
Not Found: /upfile.php
Not Found: /wp.php
Not Found: /wp.php
Not Found: /wp-conflg.php
Not Found: /wp-conflg.php
Not Found: /bypass.php
Not Found: /bypass.php
Not Found: /updates.php
Not Found: /updates.php
Not Found: /xmrlpc.php
Not Found: /xmrlpc.php
Not Found: /ae.php
Not Found: /ae.php
Not Found: /blog.php
Not Found: /blog.php
Not Found: /themes.php
Not Found: /themes.php
Not Found: /ini.php
Not Found: /ini.php
Not Found: /shell.php
Not Found: /shell.php
Not Found: /ws.php
Not Found: /ws.php
Not Found: /dropdown.php
Not Found: /dropdown.php
Not Found: /wp-sigunq.php
Not Found: /wp-sigunq.php
Not Found: /wso112233.php
Not Found: /wso112233.php
Not Found: /fw.php
Not Found: /fw.php
Not Found: /wp-login.php
Not Found: /wp-login.php
Not Found: /wp-content/plugins/google-seo-rank/module.php
Not Found: /wp-content/plugins/google-seo-rank/module.php
Not Found: /chosen.php
Not Found: /chosen.php
Not Found: /classsmtps.php
Not Found: /classsmtps.php
Not Found: /wp-blog-header.php
Not Found: /wp-blog-header.php
Not Found: /wp-comments-post.php
Not Found: /wp-comments-post.php
Not Found: /wp-cron.php
Not Found: /wp-cron.php
Not Found: /wp-load.php
Not Found: /wp-load.php
Not Found: /edit.php
Not Found: /edit.php
Not Found: /wp-activate.php
Not Found: /wp-activate.php
Not Found: /plugins.php
Not Found: /plugins.php
Not Found: /post.php
Not Found: /post.php
Not Found: /wp-2019.php
Not Found: /wp-2019.php
Not Found: /2index.php
Not Found: /2index.php
Not Found: /C.php
Not Found: /C.php
Not Found: /c.php
Not Found: /c.php
Not Found: /01.php
Not Found: /01.php
Not Found: /02.php
Not Found: /02.php
Not Found: /mini.php
Not Found: /mini.php
Not Found: /403.php
Not Found: /403.php
Not Found: /wso.php
Not Found: /wso.php
Not Found: /wp-22.php
Not Found: /wp-22.php
Not Found: /1index.php
Not Found: /1index.php
Not Found: /marijuana.php
Not Found: /marijuana.php
Not Found: /good.php
Not Found: /good.php
Not Found: /up.php
Not Found: /up.php
Not Found: /crack_self_restore.php
Not Found: /crack_self_restore.php
Not Found: /wp-admin/user/network.php
Not Found: /wp-admin/user/network.php
Not Found: /menu.php
Not Found: /menu.php
Not Found: /.well-known/pki-validation/dropdown.php
Not Found: /.well-known/pki-validation/dropdown.php
Not Found: /wp-includes/ID3/rk2.php
Not Found: /wp-includes/ID3/rk2.php
Not Found: /wp-content/plugins/core-plugin/include.php
Not Found: /wp-content/plugins/core-plugin/include.php
Not Found: /wp-content/plugins/wpsml-sys.php
Not Found: /wp-content/plugins/wpsml-sys.php
Not Found: /.well-known/about.php
Not Found: /.well-known/about.php
Not Found: /wp-includes/ID3/themes.php
Not Found: /wp-includes/ID3/themes.php
Not Found: /wp-includes/customize/themes.php
Not Found: /wp-includes/customize/themes.php
Not Found: /wp-admin/images/xmrlpc.php
Not Found: /wp-admin/images/xmrlpc.php
Not Found: /wp-includes/SimplePie/network.php
Not Found: /wp-includes/SimplePie/network.php
Not Found: /images/options.php
Not Found: /images/options.php
Not Found: /session.php
Not Found: /session.php
Not Found: /wp-includes/index.php
Not Found: /wp-includes/index.php
Not Found: /wp-apxupx.php
Not Found: /wp-apxupx.php
Not Found: /.well-known/pki-validation/bb.php
Not Found: /.well-known/pki-validation/bb.php
Not Found: /wp-content/plugins/dummyyummy/wp-signup.php
Not Found: /wp-content/plugins/dummyyummy/wp-signup.php
Not Found: /wp-includes/Text/Diff/Engine.php
Not Found: /wp-includes/Text/Diff/Engine.php
Not Found: /.well-known/class.api.php
Not Found: /.well-known/class.api.php
Not Found: /wp-content/themes/twentytwentytwo/index.php
Not Found: /wp-content/themes/twentytwentytwo/index.php
Not Found: /ova-tools.php
Not Found: /ova-tools.php
Not Found: /wp-includes/IXR/admin.php
Not Found: /wp-includes/IXR/admin.php
Not Found: /wp-includes/Requests/Text/admin.php
Not Found: /wp-includes/Requests/Text/admin.php
Not Found: /class.api.php
Not Found: /class.api.php
Not Found: /abe.php
Not Found: /abe.php
Not Found: /htaccess.php
Not Found: /htaccess.php
Not Found: /gallery
Not Found: /gallery
Not Found: /byp.php
Not Found: /byp.php
Not Found: /.well-known/pki-validation/link.php
Not Found: /.well-known/pki-validation/link.php
Not Found: /wp-admin/css/colors/a.php
Not Found: /wp-admin/css/colors/a.php
Not Found: /yanz.php
Not Found: /yanz.php
Not Found: /click.php
Not Found: /click.php
Not Found: /goat1.php
Not Found: /goat1.php
Not Found: /ALFA_DATA/autoload_classmap.php
Not Found: /ALFA_DATA/autoload_classmap.php
Not Found: /wp-admin/css/colors/blue/atomlib.php
Not Found: /wp-admin/css/colors/blue/atomlib.php
Not Found: /wp-admin/images/as.php
Not Found: /wp-admin/images/as.php
Not Found: /sidwsi.php
Not Found: /sidwsi.php
Not Found: /upgrade.php
Not Found: /upgrade.php
Not Found: /.well-known/991176.php
Not Found: /.well-known/991176.php
Not Found: /wp-includes/certificates/about.php
Not Found: /wp-includes/certificates/about.php
Not Found: /wp-admin/css/colors/blue/about.php
Not Found: /wp-admin/css/colors/blue/about.php
Not Found: /minik.php
Not Found: /minik.php
Not Found: /options.php
Not Found: /options.php
Not Found: /wp-admin/images/about.php
Not Found: /wp-admin/images/about.php
Not Found: /style.php
Not Found: /style.php
Not Found: /wp-admin/maint/sidebara.php
Not Found: /wp-admin/maint/sidebara.php
Not Found: /wp-admin/user/cloud.php
Not Found: /wp-admin/user/cloud.php
Not Found: /wp-includes/theme-compat/embed-core.php
Not Found: /wp-includes/theme-compat/embed-core.php
Not Found: /wp-includes/options.php
Not Found: /wp-includes/options.php
Not Found: /wp-includes/Text/wp-login.php
Not Found: /wp-includes/Text/wp-login.php
Not Found: /cc.php
Not Found: /cc.php
Not Found: /wp-admin/wp-admin.php
Not Found: /wp-admin/wp-admin.php
Not Found: /wp-includes/Text/Diff/Engine/wp-login.php
Not Found: /wp-includes/Text/Diff/Engine/wp-login.php
Not Found: /wp-mail.php/wp-includes/ID3/getid3s.php
Not Found: /wp-mail.php/wp-includes/ID3/getid3s.php
Not Found: /wp-content/batm.php
Not Found: /wp-content/batm.php
Not Found: /wp-content/403.php
Not Found: /wp-content/403.php
Not Found: /wp-admin/product.php
Not Found: /wp-admin/product.php
Not Found: /wp-content/uploads/autoload_classmap.php
Not Found: /wp-content/uploads/autoload_classmap.php
Not Found: /moon.php
Not Found: /moon.php
Not Found: /wp-admin/user/about.php
Not Found: /wp-admin/user/about.php
Not Found: /wp-includes/theme-compat/about.php
Not Found: /wp-includes/theme-compat/about.php
Not Found: /worksec.php
Not Found: /worksec.php
Not Found: /wp-includes/SimplePie/plugins.php
Not Found: /wp-includes/SimplePie/plugins.php
Not Found: /wp-includes/SimplePie/admin.php
Not Found: /wp-includes/SimplePie/admin.php
Not Found: /wp-admin/index.php
Not Found: /wp-admin/index.php
Not Found: /siteheads.php
Not Found: /siteheads.php
Not Found: /2.php
Not Found: /2.php
Not Found: /wp-includes/rest-api/alfa-rex.php7
Not Found: /wp-includes/rest-api/alfa-rex.php7
Not Found: /.well-known/acme-challenge/license.php
Not Found: /.well-known/acme-challenge/license.php
Not Found: /wp-includes/css/dist/preferences/wp-login.php
Not Found: /wp-includes/css/dist/preferences/wp-login.php
Not Found: /wp-includes/assets/index.php
Not Found: /wp-includes/assets/index.php
Not Found: /wp-content/plugins/wp-help/index.php
Not Found: /wp-content/plugins/wp-help/index.php
Not Found: /wp-content/plugins/hellopress/wp_filemanager.php
Not Found: /wp-content/plugins/hellopress/wp_filemanager.php
Not Found: /wp-config-sample.php
Not Found: /wp-config-sample.php
Not Found: /wp-includes/1index.php
Not Found: /wp-includes/1index.php
Not Found: /wp_wrong_datlib.php
Not Found: /wp_wrong_datlib.php
Not Found: /wikindex.php
Not Found: /wikindex.php
Not Found: /wp-admin/setup-config.php
Not Found: /wp-admin/setup-config.php
Not Found: /wp-admin/xleet.php
Not Found: /wp-admin/xleet.php
Not Found: /wp-content/fw.php
Not Found: /wp-content/fw.php
Not Found: /wp-admin/fx.php
Not Found: /wp-admin/fx.php
Not Found: /4price.php
Not Found: /4price.php
Not Found: /utchiha.php
Not Found: /utchiha.php
Not Found: /wp-admin/priv8.php
Not Found: /wp-admin/priv8.php
Not Found: /wp-admin/rss.php
Not Found: /wp-admin/rss.php
Not Found: /uploads/xleet.php
Not Found: /uploads/xleet.php
Not Found: /.well-known/acme-challenge/mariju.php
Not Found: /.well-known/acme-challenge/mariju.php
Not Found: /plugin.php
Not Found: /plugin.php
Not Found: /wp-admin/includes/mar.php
Not Found: /wp-admin/includes/mar.php
Not Found: /wp-content/plugins/pwnd-1/as.php
Not Found: /wp-content/plugins/pwnd-1/as.php
Not Found: /cgi-bin/cgi-bin/about.php7
Not Found: /cgi-bin/cgi-bin/about.php7
Not Found: /wp-content/themes/travelscape/json.php
Not Found: /wp-content/themes/travelscape/json.php
Not Found: /wp-includes/css/core.php
Not Found: /wp-includes/css/core.php
Not Found: /db.php
Not Found: /db.php
Not Found: /wp-includes/ID3/install.php
Not Found: /wp-includes/ID3/install.php
Not Found: /wp-content/file.php
Not Found: /wp-content/file.php
Not Found: /.well-known/cong.php
Not Found: /.well-known/cong.php
Not Found: /.wp-cli/as.php
Not Found: /.wp-cli/as.php
Not Found: /xl2023.php
Not Found: /xl2023.php
Not Found: /wp-admin/css/colors/coffee/index.php
Not Found: /wp-admin/css/colors/coffee/index.php
Not Found: /vendor/composer/index.php
Not Found: /vendor/composer/index.php
Not Found: /wp-content/product.php
Not Found: /wp-content/product.php
Not Found: /.well-known/acme-challenge/atomlib.php
Not Found: /.well-known/acme-challenge/atomlib.php
Not Found: /wp-atom.php
Not Found: /wp-atom.php
Not Found: /wp-includes/rest-api/fields/radio.php
Not Found: /wp-includes/rest-api/fields/radio.php
Not Found: /wp-includes/images/media/rk2.php
Not Found: /wp-includes/images/media/rk2.php
Not Found: /wp-includes/ID3/options.php
Not Found: /wp-includes/ID3/options.php
Not Found: /wp-head.php
Not Found: /wp-head.php
Not Found: /.well-known/pki-validation/cifcxgxm.php
Not Found: /.well-known/pki-validation/cifcxgxm.php
Not Found: /wp-content/uploads/index.php
Not Found: /wp-content/uploads/index.php
Not Found: /wp-admin/users.php
Not Found: /wp-admin/users.php
Not Found: /.well-known/elp.php
Not Found: /.well-known/elp.php
Not Found: /wp-includes/fonts/index.php
Not Found: /wp-includes/fonts/index.php
Not Found: /wp-includes/certificates/wp-login.php
Not Found: /wp-includes/certificates/wp-login.php
Not Found: /wp-admin/radio.php
Not Found: /wp-admin/radio.php
Not Found: /cgi-bin/wp-2019.php
Not Found: /cgi-bin/wp-2019.php
Not Found: /wp-includes/item.php
Not Found: /wp-includes/item.php
Not Found: /wp-content/upgrade/about.php
Not Found: /wp-content/upgrade/about.php
Not Found: /0x.php
Not Found: /0x.php
Not Found: /uploads/autoload_classmap.php
Not Found: /uploads/autoload_classmap.php
Not Found: /wp-content/plugins/pwnd/pwnd.php
Not Found: /wp-content/plugins/pwnd/pwnd.php
Not Found: /class.php
Not Found: /class.php
Not Found: /wp-content/themes/hello-element/footer.php
Not Found: /wp-content/themes/hello-element/footer.php
Not Found: /wp-content/plugins/install.php
Not Found: /wp-content/plugins/install.php
Not Found: /wp-content/plugins/aioseoextensions/file.php
Not Found: /wp-content/plugins/aioseoextensions/file.php
Not Found: /wp-content/mah.php
Not Found: /wp-content/mah.php
Not Found: /wp-files.php
Not Found: /wp-files.php
Not Found: /wp-admin/cong.php
Not Found: /wp-admin/cong.php
Not Found: /alfanew.php7
Not Found: /alfanew.php7
Not Found: /wp-admin/images/wp-login.php
Not Found: /wp-admin/images/wp-login.php
Not Found: /wp-content/themes/sketch/404.php
Not Found: /wp-content/themes/sketch/404.php
Not Found: /wp-content/plugins/wp-help/admin/wp-fclass.php
Not Found: /wp-content/plugins/wp-help/admin/wp-fclass.php
Not Found: /.well-known/admin.php
Not Found: /.well-known/admin.php
Not Found: /upload.php
Not Found: /upload.php
Not Found: /.well-known/pki-validation/classwithtostring.php
Not Found: /.well-known/pki-validation/classwithtostring.php
Not Found: /bless.php
Not Found: /bless.php
Not Found: /about.php
Not Found: /about.php
Not Found: /wp-content/uploads/cache.php
Not Found: /wp-content/uploads/cache.php
Not Found: /options-discussion.php
Not Found: /options-discussion.php
Not Found: /tiny.php
Not Found: /tiny.php
Not Found: /wp-includes/class-wp-pages.php
Not Found: /wp-includes/class-wp-pages.php
Not Found: /wp-includes/theme-compat/wp-login.php
Not Found: /wp-includes/theme-compat/wp-login.php
Not Found: /wp-admin/user/wp-login.php
Not Found: /wp-admin/user/wp-login.php
Not Found: /wp-content/uploads/wp-login.php
Not Found: /wp-content/uploads/wp-login.php
Not Found: /wp-includes/admin.php
Not Found: /wp-includes/admin.php
Not Found: /wp-includes/product.php
Not Found: /wp-includes/product.php
Not Found: /wp-content/languages/ru_RU_lite.mo.php
Not Found: /wp-content/languages/ru_RU_lite.mo.php
Not Found: /gif.php
Not Found: /gif.php
Not Found: /wp-content/uploads/wp.php
Not Found: /wp-content/uploads/wp.php
Not Found: /license.php
Not Found: /license.php
Not Found: /test.php
Not Found: /test.php
Not Found: /wp-content/plugins/item.php
Not Found: /wp-content/plugins/item.php
Not Found: /ethan.php
Not Found: /ethan.php
Not Found: /wp-content/plugins/pwnd/a.php
Not Found: /wp-content/plugins/pwnd/a.php
Not Found: /defaults.php
Not Found: /defaults.php
Not Found: /network.php
Not Found: /network.php
Not Found: /wp-includes/SimplePie/Decode/lv.php
Not Found: /wp-includes/SimplePie/Decode/lv.php
Not Found: /.well-known/acme-challenge/install.php
Not Found: /.well-known/acme-challenge/install.php
Not Found: /mycommand.php
Not Found: /mycommand.php
Not Found: /.well-known/wp-2019.php
Not Found: /.well-known/wp-2019.php
Not Found: /wp-includes/theme-compat/chosen.php
Not Found: /wp-includes/theme-compat/chosen.php
Not Found: /web.php
Not Found: /web.php
Not Found: /wp-admin.php
Not Found: /wp-admin.php
Not Found: /update-core.php
Not Found: /update-core.php
Not Found: /wp-admin/user/plugins.php
Not Found: /wp-admin/user/plugins.php
Not Found: /wp/abe.php
Not Found: /wp/abe.php
Not Found: /bs1.php
Not Found: /bs1.php
Not Found: /wp-content/themes/aahana/json.php
Not Found: /wp-content/themes/aahana/json.php
Not Found: /berlin.php
Not Found: /berlin.php
Not Found: /wp-admin/network/index.php/.well-known/acme-challenge/admin.php
Not Found: /wp-admin/network/index.php/.well-known/acme-challenge/admin.php
Not Found: /.well-known/acme-challenge/autoload_classmap.php
Not Found: /.well-known/acme-challenge/autoload_classmap.php
Not Found: /.well-known/acme-challenge/cloud.php
Not Found: /.well-known/acme-challenge/cloud.php
Not Found: /.well-known/acme-challenge/makeasmtp.php
Not Found: /.well-known/acme-challenge/makeasmtp.php
Not Found: /.well-known/acme-challenge/plugins.php
Not Found: /.well-known/acme-challenge/plugins.php
Not Found: /.well-known/acme-challenge/radio.php
Not Found: /.well-known/acme-challenge/radio.php
Not Found: /.well-known/acme-challenge/xmrlpc.php
Not Found: /.well-known/acme-challenge/xmrlpc.php
Not Found: /.well-known/cloud.php
Not Found: /.well-known/cloud.php
Not Found: /.well-known/dropdown.php
Not Found: /.well-known/dropdown.php
Not Found: /.well-known/file.php
Not Found: /.well-known/file.php
Not Found: /.well-known/makeasmtp.php
Not Found: /.well-known/makeasmtp.php
Not Found: /.well-known/pki-validation/about.php
Not Found: /.well-known/pki-validation/about.php
Not Found: /.well-known/pki-validation/afnew.php
Not Found: /.well-known/pki-validation/afnew.php
Not Found: /.well-known/pki-validation/cloud.php
Not Found: /.well-known/pki-validation/cloud.php
Not Found: /.well-known/pki-validation/index.php
Not Found: /.well-known/pki-validation/index.php
Not Found: /.well-known/pki-validation/xmrlpc.php
Not Found: /.well-known/pki-validation/xmrlpc.php
Not Found: /.well-known/radio.php
Not Found: /.well-known/radio.php
Not Found: /.well-known/wp-load.php
Not Found: /.well-known/wp-load.php
Not Found: /.well-known/wp-login.php
Not Found: /.well-known/wp-login.php
Not Found: /about.php7
Not Found: /about.php7
Not Found: /admin-post.php
Not Found: /admin-post.php
Not Found: /adminfuns.php7
Not Found: /adminfuns.php7
Not Found: /ajax-actions.php
Not Found: /ajax-actions.php
Not Found: /alfa-rex.php7
Not Found: /alfa-rex.php7
Not Found: /alfa-rex2.php7
Not Found: /alfa-rex2.php7
Not Found: /alfanew2.php7
Not Found: /alfanew2.php7
Not Found: /avaa.php
Not Found: /avaa.php
Not Found: /cache-compat.php
Not Found: /cache-compat.php
Not Found: /cgi-bin/404.php
Not Found: /cgi-bin/404.php
Not Found: /cgi-bin/cloud.php
Not Found: /cgi-bin/cloud.php
Not Found: /cgi-bin/file.php
Not Found: /cgi-bin/file.php
Not Found: /cgi-bin/radio.php
Not Found: /cgi-bin/radio.php
Not Found: /cgi-bin/themes.php
Not Found: /cgi-bin/themes.php
Not Found: /cgi-bin/xmrlpc.php
Not Found: /cgi-bin/xmrlpc.php
Not Found: /cloud.php
Not Found: /cloud.php
Not Found: /contact.php
Not Found: /contact.php
Not Found: /css/cloud.php
Not Found: /css/cloud.php
Not Found: /css/xmrlpc.php
Not Found: /css/xmrlpc.php
Not Found: /ebs.php7
Not Found: /ebs.php7
Not Found: /filemanager/dialog.php
Not Found: /filemanager/dialog.php
Not Found: /files/index.php
Not Found: /files/index.php
Not Found: /images/about.php
Not Found: /images/about.php
Not Found: /images/cloud.php
Not Found: /images/cloud.php
Not Found: /images/xmrlpc.php
Not Found: /images/xmrlpc.php
Not Found: /img/about.php
Not Found: /img/about.php
Not Found: /img/cloud.php
Not Found: /img/cloud.php
Not Found: /img/xmrlpc.php
Not Found: /img/xmrlpc.php
Not Found: /libraries/legacy/updates.php
Not Found: /libraries/legacy/updates.php
Not Found: /libraries/phpmailer/updates.php
Not Found: /libraries/phpmailer/updates.php
Not Found: /libraries/vendor/updates.php
Not Found: /libraries/vendor/updates.php
Not Found: /lufix.php
Not Found: /lufix.php
Not Found: /media.php
Not Found: /media.php
Not Found: /readme.php
Not Found: /readme.php
Not Found: /repeater.php
Not Found: /repeater.php
Not Found: /wp-admin/404.php
Not Found: /wp-admin/404.php
Not Found: /wp-admin/about.php
Not Found: /wp-admin/about.php
Not Found: /wp-admin/ajax-actions.php
Not Found: /wp-admin/ajax-actions.php
Not Found: /wp-admin/autoload_classmap.php
Not Found: /wp-admin/autoload_classmap.php
Not Found: /wp-admin/cloud.php
Not Found: /wp-admin/cloud.php
Not Found: /wp-admin/css/colors/blue/cloud.php
Not Found: /wp-admin/css/colors/blue/cloud.php
Not Found: /wp-admin/css/colors/blue/xmrlpc.php
Not Found: /wp-admin/css/colors/blue/xmrlpc.php
Not Found: /wp-admin/css/colors/cloud.php
Not Found: /wp-admin/css/colors/cloud.php
Not Found: /wp-admin/css/colors/coffee/cloud.php
Not Found: /wp-admin/css/colors/coffee/cloud.php
Not Found: /wp-admin/css/colors/coffee/xmrlpc.php
Not Found: /wp-admin/css/colors/coffee/xmrlpc.php
Not Found: /wp-admin/css/colors/index.php
Not Found: /wp-admin/css/colors/index.php
Not Found: /wp-admin/css/colors/xmrlpc.php
Not Found: /wp-admin/css/colors/xmrlpc.php
Not Found: /wp-admin/css/license.php
Not Found: /wp-admin/css/license.php
Not Found: /wp-admin/css/wp-login.php
Not Found: /wp-admin/css/wp-login.php
Not Found: /wp-admin/dropdown.php
Not Found: /wp-admin/dropdown.php
Not Found: /wp-admin/file.php
Not Found: /wp-admin/file.php
Not Found: /wp-admin/images/cloud.php
Not Found: /wp-admin/images/cloud.php
Not Found: /wp-admin/images/file.php
Not Found: /wp-admin/images/file.php
Not Found: /wp-admin/includes/cloud.php
Not Found: /wp-admin/includes/cloud.php
Not Found: /wp-admin/includes/xmrlpc.php
Not Found: /wp-admin/includes/xmrlpc.php
Not Found: /wp-admin/js/about.php
Not Found: /wp-admin/js/about.php
Not Found: /wp-admin/js/widgets/about.php7
Not Found: /wp-admin/js/widgets/about.php7
Not Found: /wp-admin/js/widgets/cloud.php
Not Found: /wp-admin/js/widgets/cloud.php
Not Found: /wp-admin/js/widgets/xmrlpc.php
Not Found: /wp-admin/js/widgets/xmrlpc.php
Not Found: /wp-admin/license.php
Not Found: /wp-admin/license.php
Not Found: /wp-admin/maint/maint/ajax-actions.php
Not Found: /wp-admin/maint/maint/ajax-actions.php
Not Found: /wp-admin/network/cloud.php
Not Found: /wp-admin/network/cloud.php
Not Found: /wp-admin/network/xmrlpc.php
Not Found: /wp-admin/network/xmrlpc.php
Not Found: /wp-admin/repeater.php
Not Found: /wp-admin/repeater.php
Not Found: /wp-admin/themes.php
Not Found: /wp-admin/themes.php
Not Found: /wp-admin/user/index.php
Not Found: /wp-admin/user/index.php
Not Found: /wp-admin/user/themes.php
Not Found: /wp-admin/user/themes.php
Not Found: /wp-admin/user/xmrlpc.php
Not Found: /wp-admin/user/xmrlpc.php
Not Found: /wp-admin/wp-login.php
Not Found: /wp-admin/wp-login.php
Not Found: /wp-admin/wp-signup.php
Not Found: /wp-admin/wp-signup.php
Not Found: /wp-admin/xmrlpc.php
Not Found: /wp-admin/xmrlpc.php
Not Found: /wp-configs.php
Not Found: /wp-configs.php
Not Found: /wp-consar.php
Not Found: /wp-consar.php
Not Found: /wp-content/about.php
Not Found: /wp-content/about.php
Not Found: /wp-content/banners/about.php
Not Found: /wp-content/banners/about.php
Not Found: /wp-content/blogs.dir/about.php
Not Found: /wp-content/blogs.dir/about.php
Not Found: /wp-content/cloud.php
Not Found: /wp-content/cloud.php
Not Found: /wp-content/dropdown.php
Not Found: /wp-content/dropdown.php
Not Found: /wp-content/gallery/about.php
Not Found: /wp-content/gallery/about.php
Not Found: /wp-content/plugins/Cache/Cache.php
Not Found: /wp-content/plugins/Cache/Cache.php
Not Found: /wp-content/plugins/awesome-coming-soon/come.php
Not Found: /wp-content/plugins/awesome-coming-soon/come.php
Not Found: /wp-content/plugins/dropdown.php
Not Found: /wp-content/plugins/dropdown.php
Not Found: /wp-content/plugins/linkpreview/db.php
Not Found: /wp-content/plugins/linkpreview/db.php
Not Found: /wp-content/plugins/not/includes/about.php
Not Found: /wp-content/plugins/not/includes/about.php
Not Found: /wp-content/plugins/seoo/wsoyanz.php
Not Found: /wp-content/plugins/seoo/wsoyanz.php
Not Found: /wp-content/plugins/seoo/wsoyanz1.php
Not Found: /wp-content/plugins/seoo/wsoyanz1.php
Not Found: /wp-content/plugins/seoplugins/db.php
Not Found: /wp-content/plugins/seoplugins/db.php
Not Found: /wp-content/plugins/seoplugins/mar.php
Not Found: /wp-content/plugins/seoplugins/mar.php
Not Found: /wp-content/plugins/simple/simple.php
Not Found: /wp-content/plugins/simple/simple.php
Not Found: /wp-content/plugins/wp-conflg.php
Not Found: /wp-content/plugins/wp-conflg.php
Not Found: /wp-content/plugins/wp-theme-editor/include.php
Not Found: /wp-content/plugins/wp-theme-editor/include.php
Not Found: /wp-content/repeater.php
Not Found: /wp-content/repeater.php
Not Found: /wp-content/themes.php
Not Found: /wp-content/themes.php
Not Found: /wp-content/themes/404.php
Not Found: /wp-content/themes/404.php
Not Found: /wp-content/themes/admin.php
Not Found: /wp-content/themes/admin.php
Not Found: /wp-content/themes/pridmag/db.php
Not Found: /wp-content/themes/pridmag/db.php
Not Found: /wp-content/themes/seotheme/db.php
Not Found: /wp-content/themes/seotheme/db.php
Not Found: /wp-content/themes/seotheme/mar.php
Not Found: /wp-content/themes/seotheme/mar.php
Not Found: /wp-content/themes/themes.php
Not Found: /wp-content/themes/themes.php
Not Found: /wp-content/updates.php
Not Found: /wp-content/updates.php
Not Found: /wp-content/updraft/about.php
Not Found: /wp-content/updraft/about.php
Not Found: /wp-content/upgrade-temp-backup/about.php
Not Found: /wp-content/upgrade-temp-backup/about.php
Not Found: /wp-content/upgrade/function.php
Not Found: /wp-content/upgrade/function.php
Not Found: /wp-content/upgrade/index.php
Not Found: /wp-content/upgrade/index.php
Not Found: /wp-includes.bak/html-api/about.php
Not Found: /wp-includes.bak/html-api/about.php
Not Found: /wp-includes/404.php
Not Found: /wp-includes/404.php
Not Found: /wp-includes/ID3/about.php
Not Found: /wp-includes/ID3/about.php
Not Found: /wp-includes/SimplePie/wp-login.php
Not Found: /wp-includes/SimplePie/wp-login.php
Not Found: /wp-includes/Text/about.php
Not Found: /wp-includes/Text/about.php
Not Found: /wp-includes/bak.php
Not Found: /wp-includes/bak.php
Not Found: /wp-includes/block-patterns/about.php
Not Found: /wp-includes/block-patterns/about.php
Not Found: /wp-includes/cloud.php
Not Found: /wp-includes/cloud.php
Not Found: /wp-includes/customize/about.php
Not Found: /wp-includes/customize/about.php
Not Found: /wp-includes/function.php
Not Found: /wp-includes/function.php
Not Found: /wp-includes/images/css.php
Not Found: /wp-includes/images/css.php
Not Found: /wp-includes/pomo/about.php
Not Found: /wp-includes/pomo/about.php
Not Found: /wp-includes/repeater.php
Not Found: /wp-includes/repeater.php
Not Found: /wp-includes/rest-api/about.php
Not Found: /wp-includes/rest-api/about.php
Not Found: /wp-includes/system_log.php
Not Found: /wp-includes/system_log.php
Not Found: /wp-includes/themes.php
Not Found: /wp-includes/themes.php
Not Found: /wp-includes/widgets/about.php
Not Found: /wp-includes/widgets/about.php
Not Found: /wp-includes/wp-activate.php
Not Found: /wp-includes/wp-activate.php
Not Found: /wp-includes/wp-login.php
Not Found: /wp-includes/wp-login.php
Not Found: /wp-links-opml.php
Not Found: /wp-links-opml.php
Not Found: /wp-p.php7
Not Found: /wp-p.php7
Not Found: /ws.php7
Not Found: /ws.php7
Not Found: /wsoyanz.php
Not Found: /wsoyanz.php
Not Found: /xmrlpc.php
Not Found: /xmrlpc.php
Not Found: /server.php
Not Found: /server.php
Not Found: /.env
Not Found: /.env
Forbidden (CSRF cookie not set.): /
Not Found: /robots.txt
Not Found: /robots.txt
Not Found: /clientele
Not Found: /clientele
Not Found: /.git/config
Not Found: /.git/config
Not Found: /napoli
Not Found: /napoli
Not Found: /wordpress
Not Found: /wordpress
Not Found: /wp
Not Found: /wp
Not Found: /bc
Not Found: /bc
Not Found: /bk
Not Found: /bk
Not Found: /backup
Not Found: /backup
Not Found: /old
Not Found: /old
Not Found: /new
Not Found: /new
Not Found: /main
Not Found: /main
Not Found: /home
Not Found: /home
Not Found: /wp-login.php
Not Found: /wp-login.php
Not Found: /favicon.ico
Not Found: /favicon.ico
Not Found: /merchant/z/payment/
Not Found: /merchant/z/payment/
Not Found: /merchant/z/payment/
Not Found: /merchant/z/payment/
Not Found: /3ds1633693954432212
Not Found: /3ds1633693954432212
Not Found: /3ds1633693954432212
Not Found: /3ds1633693954432212
Not Found: /merchant/code
Not Found: /merchant/code
Not Found: /merchant/code
Not Found: /merchant/code
Not Found: /3ds.php
Not Found: /3ds.php
Not Found: /3ds.php
Not Found: /3ds.php
Not Found: /wp-login.php
Not Found: /wp-login.php
Not Found: /sftp-config.json
Not Found: /sftp-config.json
Not Found: /.vscode/sftp.json
Not Found: /.vscode/sftp.json
Not Found: /robots.txt
Not Found: /robots.txt
Not Found: /wp-login.php
Not Found: /wp-login.php
Not Found: /robots.txt
Not Found: /robots.txt
Not Found: /{"containerId":"dataItem-jwl61w57-SITE_STRUCTURE_LinkBar_0","displayMode":"fill","imageData":{"width":200,"height":200,"uri":"23fd2a2be53141ed810f4d3dcdcd01fa.png","name":"","displayMode":"fill"}}
Not Found: /{"containerId":"dataItem-jwl61w57-SITE_STRUCTURE_LinkBar_0","displayMode":"fill","imageData":{"width":200,"height":200,"uri":"23fd2a2be53141ed810f4d3dcdcd01fa.png","name":"","displayMode":"fill"}}
Not Found: /robots.txt
Not Found: /robots.txt
Not Found: /robots.txt
Not Found: /robots.txt
Not Found: /robots.txt
Not Found: /robots.txt
Not Found: /robots.txt
Not Found: /robots.txt
Not Found: /favicon.ico
Not Found: /favicon.ico
Invalid HTTP_HOST header: '193.203.164.138:8000'. You may need to add '193.203.164.138' to ALLOWED_HOSTS.
Traceback (most recent call last):
  File "/root/django_env/lib/python3.10/site-packages/django/core/handlers/exception.py", line 55, in inner
    response = get_response(request)
  File "/root/django_env/lib/python3.10/site-packages/django/utils/deprecation.py", line 128, in __call__
    response = self.process_request(request)
  File "/root/django_env/lib/python3.10/site-packages/django/middleware/common.py", line 48, in process_request
    host = request.get_host()
  File "/root/django_env/lib/python3.10/site-packages/django/http/request.py", line 151, in get_host
    raise DisallowedHost(msg)
django.core.exceptions.DisallowedHost: Invalid HTTP_HOST header: '193.203.164.138:8000'. You may need to add '193.203.164.138' to ALLOWED_HOSTS.
Bad Request: /
Bad Request: /
Invalid HTTP_HOST header: '193.203.164.138:8000'. You may need to add '193.203.164.138' to ALLOWED_HOSTS.
Traceback (most recent call last):
  File "/root/django_env/lib/python3.10/site-packages/django/core/handlers/exception.py", line 55, in inner
    response = get_response(request)
  File "/root/django_env/lib/python3.10/site-packages/django/utils/deprecation.py", line 128, in __call__
    response = self.process_request(request)
  File "/root/django_env/lib/python3.10/site-packages/django/middleware/common.py", line 48, in process_request
    host = request.get_host()
  File "/root/django_env/lib/python3.10/site-packages/django/http/request.py", line 151, in get_host
    raise DisallowedHost(msg)
django.core.exceptions.DisallowedHost: Invalid HTTP_HOST header: '193.203.164.138:8000'. You may need to add '193.203.164.138' to ALLOWED_HOSTS.
Bad Request: /login
Bad Request: /login
Forbidden (Origin checking failed - https://inventory.ninosmarble.com does not match any trusted origins.): /login/
Forbidden (Origin checking failed - https://inventory.ninosmarble.com does not match any trusted origins.): /login/
Forbidden (Origin checking failed - https://inventory.ninosmarble.com does not match any trusted origins.): /login/
Forbidden (Origin checking failed - https://inventory.ninosmarble.com does not match any trusted origins.): /login/
Forbidden (Origin checking failed - https://inventory.ninosmarble.com does not match any trusted origins.): /login/
Forbidden (Origin checking failed - https://inventory.ninosmarble.com does not match any trusted origins.): /login/
Forbidden (Origin checking failed - https://inventory.ninosmarble.com does not match any trusted origins.): /login/
Forbidden (Origin checking failed - https://inventory.ninosmarble.com does not match any trusted origins.): /login/
Forbidden (Origin checking failed - https://inventory.ninosmarble.com does not match any trusted origins.): /login/
Forbidden (Origin checking failed - https://inventory.ninosmarble.com does not match any trusted origins.): /login/
Forbidden (Origin checking failed - https://inventory.ninosmarble.com does not match any trusted origins.): /login/
Forbidden (Origin checking failed - https://inventory.ninosmarble.com does not match any trusted origins.): /login/
Forbidden (Origin checking failed - https://inventory.ninosmarble.com does not match any trusted origins.): /login/
Forbidden (Origin checking failed - https://inventory.ninosmarble.com does not match any trusted origins.): /login/
Forbidden (Origin checking failed - https://inventory.ninosmarble.com does not match any trusted origins.): /login/
Forbidden (Origin checking failed - https://inventory.ninosmarble.com does not match any trusted origins.): /login/
